<?xml version="1.0" encoding="UTF-8"?>
<!-- Generated by org.testng.reporters.JUnitReportReporter -->
<testsuite hostname="wanghaibao-wb" name="com.haibao.AutoDemo.LanuchOnBaidu" tests="1" failures="0" timestamp="30 Jan 2018 10:04:28 GMT" time="7.034" errors="0">
  <testcase name="loginOnBaidu" time="7.034" classname="com.haibao.AutoDemo.LanuchOnBaidu"/>
</testsuite> <!-- com.haibao.AutoDemo.LanuchOnBaidu -->
